<?xml version="1.0" encoding="UTF-8"?>
<!-- Generated by org.testng.reporters.JUnitReportReporter -->
<testsuite hostname="LAPTOP221" failures="0" tests="1" name="com.SmartCommerce.NetworkTest.SCLinksTest" time="122.892" errors="0" timestamp="2023-07-21T16:08:15 PKT" skipped="0">
  <testcase classname="com.SmartCommerce.NetworkTest.SCLinksTest" name="C2C_Verify_URLS" time="122.892"/>
  <system-out/>
</testsuite> <!-- com.SmartCommerce.NetworkTest.SCLinksTest -->
