<?xml version="1.0" encoding="UTF-8"?>
<!-- Generated by org.testng.reporters.JUnitReportReporter -->
<testsuite hostname="LAPTOP221" failures="0" tests="1" name="com.SmartCommerce.NetworkTest.NetworkRequestTest" time="10.765" errors="0" timestamp="2023-07-20T17:28:34 PKT" skipped="0">
  <testcase classname="com.SmartCommerce.NetworkTest.NetworkRequestTest" name="VERIFY_NETWORK_REQUESTS" time="10.765"/>
  <system-out/>
</testsuite> <!-- com.SmartCommerce.NetworkTest.NetworkRequestTest -->
