<?xml version="1.0" encoding="UTF-8"?>
<!-- Generated by org.testng.reporters.JUnitReportReporter -->
<testsuite hostname="LAPTOP221" failures="0" tests="1" name="com.SmartCommerce.NetworkTest.CDPTest" time="14.476" errors="0" timestamp="2023-07-20T16:18:47 PKT" skipped="0">
  <testcase classname="com.SmartCommerce.NetworkTest.CDPTest" name="CaptureNetworkRequest" time="14.476"/>
  <system-out/>
</testsuite> <!-- com.SmartCommerce.NetworkTest.CDPTest -->
